2024-04-12 16:45:26,471  INFO [main] ebannking:16 - enter username
 2024-04-12 16:45:26,615  INFO [main] ebannking:18 - enet passwor
 2024-04-12 16:45:27,894  INFO [main] ebannking:23 - test case passed
 2024-04-12 17:22:16,548  INFO [main] ebannking:16 - enter username
 2024-04-12 17:22:16,839  INFO [main] ebannking:18 - enter password
 2024-04-12 17:22:18,672  INFO [main] ebannking:23 - test case passed
 2024-04-24 23:19:17,935  INFO [main] LoginPageLogger:46 - Enter user name
 2024-04-24 23:21:44,505  INFO [main] LoginPageLogger:47 - Enter user name
 2024-04-24 23:22:33,812  INFO [main] LoginPageLogger:47 - Enter user name
 2024-04-24 23:25:05,697  INFO [main] LoginPageLogger:47 - Enter user name
 2024-04-24 23:25:06,093  INFO [main] LoginPageLogger:49 - User Name enter : standard_user
 2024-04-24 23:25:06,102  INFO [main] LoginPageLogger:52 - Enter Password
 2024-04-24 23:25:06,371  INFO [main] LoginPageLogger:54 - Enter Password As : secret_sauce
 2024-04-24 23:25:06,379  INFO [main] LoginPageLogger:60 - Clicking on login button
 2024-04-24 23:25:06,730  INFO [main] LoginPageLogger:62 - Clicked on login button
 2024-04-24 23:25:58,833  INFO [main] LoginPageLogger:47 - Enter user name
 2024-04-24 23:27:45,837  INFO [main] LoginPageLogger:47 - Enter user name
 2024-04-24 23:27:46,343  INFO [main] LoginPageLogger:49 - User Name enter : standard_user
 2024-04-24 23:27:46,348  INFO [main] LoginPageLogger:52 - Enter Password
 2024-04-24 23:27:46,543  INFO [main] LoginPageLogger:54 - Enter Password As : secret_sauce
 2024-04-24 23:27:46,548  INFO [main] LoginPageLogger:60 - Clicking on login button
 2024-04-24 23:27:46,839  INFO [main] LoginPageLogger:62 - Clicked on login button
 2024-04-24 23:30:07,094  INFO [main] LoginPageLogger:47 - Enter user name
 2024-04-24 23:43:50,981  INFO [main] LoginPageLogger:46 - Enter user name
 2024-04-24 23:45:05,213  INFO [main] LoginPageLogger:46 - Enter user name
 2024-04-24 23:46:54,608  INFO [main] LoginPageLogger:47 - Enter user name
 2024-04-24 23:46:54,919  INFO [main] LoginPageLogger:49 - User Name enter : standard_user
 2024-04-24 23:46:54,926  INFO [main] LoginPageLogger:52 - Enter Password
 2024-04-24 23:46:55,212  INFO [main] LoginPageLogger:54 - Enter Password As : secret_sauce
 2024-04-24 23:46:55,223  INFO [main] LoginPageLogger:60 - Clicking on login button
 2024-04-24 23:46:55,643  INFO [main] LoginPageLogger:62 - Clicked on login button
 2024-04-24 23:47:18,767  INFO [main] LoginPageLogger:47 - Enter user name
 2024-04-24 23:47:19,660  INFO [main] LoginPageLogger:49 - User Name enter : standard_user
 2024-04-24 23:47:19,668  INFO [main] LoginPageLogger:52 - Enter Password
 2024-04-24 23:47:19,998  INFO [main] LoginPageLogger:54 - Enter Password As : secret_sauce
 2024-04-24 23:47:20,008  INFO [main] LoginPageLogger:60 - Clicking on login button
 2024-04-24 23:47:20,429  INFO [main] LoginPageLogger:62 - Clicked on login button
 2024-04-25 00:02:21,366  INFO [main] LoginPageLogger:47 - Enter user name
 2024-04-25 00:02:21,825  INFO [main] LoginPageLogger:49 - User Name enter : standard_user
 2024-04-25 00:02:21,837  INFO [main] LoginPageLogger:52 - Enter Password
 2024-04-25 00:02:22,080  INFO [main] LoginPageLogger:54 - Enter Password As : secret_sauce
 2024-04-25 00:02:22,087  INFO [main] LoginPageLogger:60 - Clicking on login button
 2024-04-25 00:02:22,355  INFO [main] LoginPageLogger:62 - Clicked on login button
 2024-04-25 00:03:37,620  INFO [main] LoginPageLogger:47 - Enter user name
 2024-04-25 00:03:38,050  INFO [main] LoginPageLogger:49 - User Name enter : standard_user
 2024-04-25 00:03:38,066  INFO [main] LoginPageLogger:52 - Enter Password
 2024-04-25 00:03:38,310  INFO [main] LoginPageLogger:54 - Enter Password As : secret_sauce
 2024-04-25 00:03:38,318  INFO [main] LoginPageLogger:60 - Clicking on login button
 2024-04-25 00:03:38,625  INFO [main] LoginPageLogger:62 - Clicked on login button
 2024-04-25 00:06:39,253  INFO [main] LoginPageLogger:47 - Enter user name
 2024-04-25 00:06:39,678  INFO [main] LoginPageLogger:49 - User Name enter : standard_user
 2024-04-25 00:06:39,688  INFO [main] LoginPageLogger:52 - Enter Password
 2024-04-25 00:06:39,949  INFO [main] LoginPageLogger:54 - Enter Password As : secret_sauce
 2024-04-25 00:06:39,959  INFO [main] LoginPageLogger:60 - Clicking on login button
 2024-04-25 00:06:40,262  INFO [main] LoginPageLogger:62 - Clicked on login button
 2024-04-25 00:10:43,303  INFO [main] LoginPageLogger:46 - Enter user name
 2024-04-25 00:10:43,669  INFO [main] LoginPageLogger:48 - User Name enter : standard_user
 2024-04-25 00:10:43,678  INFO [main] LoginPageLogger:51 - Enter Password
 2024-04-25 00:10:43,943  INFO [main] LoginPageLogger:53 - Enter Password As : secret_sauce
 2024-04-25 00:10:43,952  INFO [main] LoginPageLogger:59 - Clicking on login button
 2024-04-25 00:10:44,270  INFO [main] LoginPageLogger:61 - Clicked on login button
 2024-04-25 00:11:50,575  INFO [main] LoginPageLogger:47 - Enter user name
 2024-04-25 00:11:51,674  INFO [main] LoginPageLogger:49 - User Name enter : standard_user
 2024-04-25 00:11:51,683  INFO [main] LoginPageLogger:52 - Enter Password
 2024-04-25 00:11:51,942  INFO [main] LoginPageLogger:54 - Enter Password As : secret_sauce
 2024-04-25 00:11:51,951  INFO [main] LoginPageLogger:60 - Clicking on login button
 2024-04-25 00:11:52,277  INFO [main] LoginPageLogger:62 - Clicked on login button
 2024-04-25 12:05:38,087  INFO [main] LoginPageLogger:59 - Enter invalid name
 2024-04-25 12:05:39,092  INFO [main] LoginPageLogger:61 - Enter password As:standard_user1
 2024-04-25 12:05:39,099  INFO [main] LoginPageLogger:66 - Enter invalid password
 2024-04-25 12:05:39,346  INFO [main] LoginPageLogger:68 - Enter password As:secret_sauce1
 2024-04-25 12:05:39,352  INFO [main] LoginPageLogger:76 - Clicking on login button
 2024-04-25 12:05:39,578  INFO [main] LoginPageLogger:78 - Clicked on login button
 2024-04-25 13:04:17,061  INFO [main] LoginPageLogger:59 - Enter invalid name
 2024-04-25 13:04:17,427  INFO [main] LoginPageLogger:61 - Enter password As:standard_user1
 2024-04-25 13:04:17,435  INFO [main] LoginPageLogger:53 - Enter Password
 2024-04-25 13:04:17,688  INFO [main] LoginPageLogger:55 - Enter Password As : secret_sauce
 2024-04-25 13:04:17,698  INFO [main] LoginPageLogger:76 - Clicking on login button
 2024-04-25 13:04:17,899  INFO [main] LoginPageLogger:78 - Clicked on login button
 2024-04-25 13:07:09,824  INFO [main] LoginPageLogger:59 - Enter invalid name
 2024-04-25 13:07:10,138  INFO [main] LoginPageLogger:61 - Enter password As:standard_user1
 2024-04-25 13:07:10,153  INFO [main] LoginPageLogger:53 - Enter Password
 2024-04-25 13:07:10,454  INFO [main] LoginPageLogger:55 - Enter Password As : secret_sauce
 2024-04-25 13:07:10,461  INFO [main] LoginPageLogger:76 - Clicking on login button
 2024-04-25 13:07:10,644  INFO [main] LoginPageLogger:78 - Clicked on login button
 2024-04-25 13:13:41,650  INFO [main] LoginPageLogger:59 - Enter invalid name
 2024-04-25 13:13:42,652  INFO [main] LoginPageLogger:61 - Enter invalidUserName As:standard_user1
 2024-04-25 13:13:42,662  INFO [main] LoginPageLogger:53 - Enter Password
 2024-04-25 13:13:43,013  INFO [main] LoginPageLogger:55 - Enter Password As : secret_sauce
 2024-04-25 13:13:43,022  INFO [main] LoginPageLogger:76 - Clicking on login button
 2024-04-25 13:13:43,263  INFO [main] LoginPageLogger:78 - Clicked on login button
 2024-04-25 13:29:18,881  INFO [main] LoginPageLogger:48 - Enter user name
 2024-04-25 13:29:19,224  INFO [main] LoginPageLogger:50 - Enter Username as : standard_user1
 2024-04-25 13:29:19,234  INFO [main] LoginPageLogger:66 - Enter invalid password
 2024-04-25 13:29:19,511  INFO [main] LoginPageLogger:68 - Enter InvalidPassword As:secret_sauce1
 2024-04-25 13:29:19,518  INFO [main] LoginPageLogger:76 - Clicking on login button
 2024-04-25 13:29:19,707  INFO [main] LoginPageLogger:78 - Clicked on login button
 2024-04-25 14:07:21,197  INFO [main] LoginPageLogger:54 - Enter Password
 2024-04-25 14:07:21,502  INFO [main] LoginPageLogger:56 - Enter Password As : secret_sauce
 2024-04-25 14:07:21,515  INFO [main] LoginPageLogger:77 - Clicking on login button
 2024-04-25 14:07:21,719  INFO [main] LoginPageLogger:79 - Clicked on login button
 2024-04-25 14:09:05,458  INFO [main] LoginPageLogger:54 - Enter Password
 2024-04-25 14:09:06,362  INFO [main] LoginPageLogger:56 - Enter Password As : secret_sauce
 2024-04-25 14:09:06,372  INFO [main] LoginPageLogger:77 - Clicking on login button
 2024-04-25 14:09:06,609  INFO [main] LoginPageLogger:79 - Clicked on login button
 2024-04-25 14:10:43,145  INFO [main] LoginPageLogger:60 - Enter invalid name
 2024-04-25 14:10:43,500  INFO [main] LoginPageLogger:62 - Enter invalidUserName As:standard_user1
 2024-04-25 14:10:43,509  INFO [main] LoginPageLogger:54 - Enter Password
 2024-04-25 14:10:43,791  INFO [main] LoginPageLogger:56 - Enter Password As : secret_sauce
 2024-04-25 14:10:43,799  INFO [main] LoginPageLogger:77 - Clicking on login button
 2024-04-25 14:10:43,970  INFO [main] LoginPageLogger:79 - Clicked on login button
 2024-04-25 14:27:30,515  INFO [main] LoginPageLogger:51 - Enter user name
 2024-04-25 14:27:30,830  INFO [main] LoginPageLogger:53 - Enter Username as : standard_user
 2024-04-25 14:27:30,839  INFO [main] LoginPageLogger:79 - Clicking on login button
 2024-04-25 14:27:31,083  INFO [main] LoginPageLogger:81 - Clicked on login button
 2024-04-25 15:07:27,663  INFO [main] LoginPageLogger:80 - Clicking on login button
 2024-04-25 15:07:27,883  INFO [main] LoginPageLogger:82 - Clicked on login button
 2024-04-25 22:42:23,855  INFO [main] LoginPageLogger:63 - Enter invalid name
 2024-04-25 22:42:24,133  INFO [main] LoginPageLogger:65 - Enter invalidUserName As:standard_user1
 2024-04-25 22:42:57,859  INFO [main] LoginPageLogger:63 - Enter invalid name
 2024-04-25 22:42:58,800  INFO [main] LoginPageLogger:65 - Enter invalidUserName As:standard_user1
 2024-04-25 22:43:22,383  INFO [main] LoginPageLogger:63 - Enter invalid name
 2024-04-25 22:43:22,702  INFO [main] LoginPageLogger:65 - Enter invalidUserName As:standard_user1
 2024-04-25 22:43:22,709  INFO [main] LoginPageLogger:70 - Enter invalid password
 2024-04-25 22:43:22,842  INFO [main] LoginPageLogger:72 - Enter InvalidPassword As:secret_sauce1
 2024-04-25 22:43:22,851  INFO [main] LoginPageLogger:80 - Clicking on login button
 2024-04-25 22:43:22,972  INFO [main] LoginPageLogger:82 - Clicked on login button
 2024-04-25 22:43:56,711  INFO [main] LoginPageLogger:63 - Enter invalid name
 2024-04-25 22:43:57,004  INFO [main] LoginPageLogger:65 - Enter invalidUserName As:standard_user1
 2024-04-25 22:44:14,723  INFO [main] LoginPageLogger:63 - Enter invalid name
 2024-04-25 22:44:15,083  INFO [main] LoginPageLogger:65 - Enter invalidUserName As:standard_user1
 2024-04-25 22:44:15,090  INFO [main] LoginPageLogger:70 - Enter invalid password
 2024-04-25 22:44:15,268  INFO [main] LoginPageLogger:72 - Enter InvalidPassword As:secret_sauce1
 2024-04-25 22:44:15,275  INFO [main] LoginPageLogger:80 - Clicking on login button
 2024-04-25 22:44:15,437  INFO [main] LoginPageLogger:82 - Clicked on login button
 2024-04-25 22:45:26,083  INFO [main] LoginPageLogger:63 - Enter invalid name
 2024-04-25 22:45:26,449  INFO [main] LoginPageLogger:65 - Enter invalidUserName As:standard_user1
 2024-04-25 22:45:26,461  INFO [main] LoginPageLogger:70 - Enter invalid password
 2024-04-25 22:45:26,652  INFO [main] LoginPageLogger:72 - Enter InvalidPassword As:secret_sauce1
 2024-04-25 22:45:46,677  INFO [main] LoginPageLogger:80 - Clicking on login button
 2024-04-25 22:45:46,832  INFO [main] LoginPageLogger:82 - Clicked on login button
 2024-04-25 22:49:10,246  INFO [main] LoginPageLogger:63 - Enter invalid name
 2024-04-25 22:49:11,057  INFO [main] LoginPageLogger:65 - Enter invalidUserName As:standard_user1
 2024-04-25 22:49:11,067  INFO [main] LoginPageLogger:57 - Enter Password
 2024-04-25 22:49:11,361  INFO [main] LoginPageLogger:59 - Enter Password As : secret_sauce1
 2024-04-25 22:49:11,374  INFO [main] LoginPageLogger:80 - Clicking on login button
 2024-04-25 22:49:11,543  INFO [main] LoginPageLogger:82 - Clicked on login button
 2024-04-25 22:49:59,436  INFO [main] LoginPageLogger:63 - Enter invalid name
 2024-04-25 22:49:59,747  INFO [main] LoginPageLogger:65 - Enter invalidUserName As:standard_user1
 2024-04-25 22:49:59,756  INFO [main] LoginPageLogger:70 - Enter invalid password
 2024-04-25 22:49:59,949  INFO [main] LoginPageLogger:72 - Enter InvalidPassword As:secret_sauce1
 2024-04-25 22:49:59,957  INFO [main] LoginPageLogger:80 - Clicking on login button
 2024-04-25 22:50:00,102  INFO [main] LoginPageLogger:82 - Clicked on login button
 2024-04-25 23:27:46,664  INFO [main] LoginPageLogger:57 - Enter Password
 2024-04-25 23:27:46,959  INFO [main] LoginPageLogger:59 - Enter Password As : secret_sauce
 2024-04-25 23:27:46,974  INFO [main] LoginPageLogger:80 - Clicking on login button
 2024-04-25 23:27:47,182  INFO [main] LoginPageLogger:82 - Clicked on login button
 2024-05-27 13:17:09,179  INFO [main] LoginPageLogger:47 - Enter user name
 2024-05-27 13:17:09,376  INFO [main] LoginPageLogger:49 - Enter Username as : standard_user
 2024-05-27 13:17:09,380  INFO [main] LoginPageLogger:53 - Enter Password
 2024-05-27 13:17:09,561  INFO [main] LoginPageLogger:55 - Enter Password As : secret_sauce
 2024-05-27 13:17:09,568  INFO [main] LoginPageLogger:74 - Clicking on login button
 2024-05-27 13:17:09,773  INFO [main] LoginPageLogger:76 - Clicked on login button
 2024-05-27 13:17:09,787  INFO [main] LoginPageLogger:43 - Click on product sort drop down menu
 2024-05-27 13:17:12,175  INFO [main] LoginPageLogger:47 - Enter user name
 2024-05-27 13:17:12,428  INFO [main] LoginPageLogger:49 - Enter Username as : standard_user
 2024-05-27 13:17:12,433  INFO [main] LoginPageLogger:53 - Enter Password
 2024-05-27 13:17:12,589  INFO [main] LoginPageLogger:55 - Enter Password As : secret_sauce
 2024-05-27 13:17:12,595  INFO [main] LoginPageLogger:74 - Clicking on login button
 2024-05-27 13:17:12,755  INFO [main] LoginPageLogger:76 - Clicked on login button
 2024-05-27 13:17:39,974  INFO [main] LoginPageLogger:47 - Enter user name
 2024-05-27 13:17:40,156  INFO [main] LoginPageLogger:49 - Enter Username as : standard_user
 2024-05-27 13:17:40,165  INFO [main] LoginPageLogger:53 - Enter Password
 2024-05-27 13:17:40,368  INFO [main] LoginPageLogger:55 - Enter Password As : secret_sauce
 2024-05-27 13:17:40,373  INFO [main] LoginPageLogger:74 - Clicking on login button
 2024-05-27 13:17:40,573  INFO [main] LoginPageLogger:76 - Clicked on login button
 2024-05-27 13:17:40,588  INFO [main] LoginPageLogger:43 - Click on product sort drop down menu
 2024-05-27 13:17:42,927  INFO [main] LoginPageLogger:47 - Enter user name
 2024-05-27 13:17:43,184  INFO [main] LoginPageLogger:49 - Enter Username as : standard_user
 2024-05-27 13:17:43,190  INFO [main] LoginPageLogger:53 - Enter Password
 2024-05-27 13:17:43,366  INFO [main] LoginPageLogger:55 - Enter Password As : secret_sauce
 2024-05-27 13:17:43,370  INFO [main] LoginPageLogger:74 - Clicking on login button
 2024-05-27 13:17:43,504  INFO [main] LoginPageLogger:76 - Clicked on login button
 2024-05-27 13:18:32,384  INFO [main] LoginPageLogger:47 - Enter user name
 2024-05-27 13:18:32,600  INFO [main] LoginPageLogger:49 - Enter Username as : standard_user
 2024-05-27 13:19:27,221  INFO [main] LoginPageLogger:47 - Enter user name
 2024-05-27 13:19:28,003  INFO [main] LoginPageLogger:49 - Enter Username as : standard_user
 2024-05-27 13:19:28,009  INFO [main] LoginPageLogger:53 - Enter Password
 2024-05-27 13:19:28,199  INFO [main] LoginPageLogger:55 - Enter Password As : secret_sauce
 2024-05-27 13:19:28,206  INFO [main] LoginPageLogger:74 - Clicking on login button
 2024-05-27 13:19:28,439  INFO [main] LoginPageLogger:76 - Clicked on login button
 2024-05-27 13:19:28,459  INFO [main] LoginPageLogger:43 - Click on product sort drop down menu
 2024-05-27 13:19:30,752  INFO [main] LoginPageLogger:47 - Enter user name
 2024-05-27 13:19:30,987  INFO [main] LoginPageLogger:49 - Enter Username as : standard_user
 2024-05-27 13:19:30,992  INFO [main] LoginPageLogger:53 - Enter Password
 2024-05-27 13:19:31,139  INFO [main] LoginPageLogger:55 - Enter Password As : secret_sauce
 2024-05-27 13:19:31,143  INFO [main] LoginPageLogger:74 - Clicking on login button
 2024-05-27 13:19:31,335  INFO [main] LoginPageLogger:76 - Clicked on login button
 2024-05-27 13:22:58,200  INFO [main] LoginPageLogger:47 - Enter user name
 2024-05-27 13:22:58,835  INFO [main] LoginPageLogger:49 - Enter Username as : standard_user
 2024-05-27 13:22:58,840  INFO [main] LoginPageLogger:53 - Enter Password
 2024-05-27 13:22:58,991  INFO [main] LoginPageLogger:55 - Enter Password As : secret_sauce
 2024-05-27 13:22:58,998  INFO [main] LoginPageLogger:74 - Clicking on login button
 2024-05-27 13:22:59,186  INFO [main] LoginPageLogger:76 - Clicked on login button
 2024-05-27 13:22:59,198  INFO [main] LoginPageLogger:43 - Click on product sort drop down menu
 2024-05-27 13:23:01,522  INFO [main] LoginPageLogger:47 - Enter user name
 2024-05-27 13:23:01,778  INFO [main] LoginPageLogger:49 - Enter Username as : standard_user
 2024-05-27 13:23:01,782  INFO [main] LoginPageLogger:53 - Enter Password
 2024-05-27 13:23:01,950  INFO [main] LoginPageLogger:55 - Enter Password As : secret_sauce
 2024-05-27 13:23:01,954  INFO [main] LoginPageLogger:74 - Clicking on login button
 2024-05-27 13:23:02,133  INFO [main] LoginPageLogger:76 - Clicked on login button
 2024-05-27 13:28:18,056  INFO [main] LoginPageLogger:47 - Enter user name
 2024-05-27 13:28:18,421  INFO [main] LoginPageLogger:49 - Enter Username as : standard_user
 2024-05-27 13:28:18,429  INFO [main] LoginPageLogger:53 - Enter Password
 2024-05-27 13:28:18,648  INFO [main] LoginPageLogger:55 - Enter Password As : secret_sauce
 2024-05-27 13:28:18,655  INFO [main] LoginPageLogger:74 - Clicking on login button
 2024-05-27 13:28:18,881  INFO [main] LoginPageLogger:76 - Clicked on login button
 2024-05-27 13:28:18,905  INFO [main] LoginPageLogger:43 - Click on product sort drop down menu
 2024-05-27 15:37:47,178  INFO [main] LoginPageLogger:47 - Enter user name
 2024-05-27 15:37:47,426  INFO [main] LoginPageLogger:49 - Enter Username as : standard_user
 2024-05-27 15:37:47,433  INFO [main] LoginPageLogger:53 - Enter Password
 2024-05-27 15:37:47,635  INFO [main] LoginPageLogger:55 - Enter Password As : secret_sauce
 2024-05-27 15:37:47,639  INFO [main] LoginPageLogger:74 - Clicking on login button
 2024-05-27 15:37:47,840  INFO [main] LoginPageLogger:76 - Clicked on login button
 2024-05-27 15:37:47,849  INFO [main] LoginPageLogger:48 - Click on product sort drop down menu
 2024-05-27 15:37:50,699  INFO [main] LoginPageLogger:47 - Enter user name
 2024-05-27 15:37:50,884  INFO [main] LoginPageLogger:49 - Enter Username as : standard_user
 2024-05-27 15:37:50,890  INFO [main] LoginPageLogger:53 - Enter Password
 2024-05-27 15:37:51,070  INFO [main] LoginPageLogger:55 - Enter Password As : secret_sauce
 2024-05-27 15:37:51,074  INFO [main] LoginPageLogger:74 - Clicking on login button
 2024-05-27 15:37:51,376  INFO [main] LoginPageLogger:76 - Clicked on login button
 2024-05-27 15:40:10,096  INFO [main] LoginPageLogger:47 - Enter user name
 2024-05-27 15:40:10,985  INFO [main] LoginPageLogger:49 - Enter Username as : standard_user
 2024-05-27 15:40:10,996  INFO [main] LoginPageLogger:53 - Enter Password
 2024-05-27 15:40:11,184  INFO [main] LoginPageLogger:55 - Enter Password As : secret_sauce
 2024-05-27 15:40:11,191  INFO [main] LoginPageLogger:74 - Clicking on login button
 2024-05-27 15:40:11,365  INFO [main] LoginPageLogger:76 - Clicked on login button
 2024-05-27 15:40:11,379  INFO [main] LoginPageLogger:48 - Click on product sort drop down menu
 2024-05-27 15:45:41,496  INFO [main] LoginPageLogger:47 - Enter user name
 2024-05-27 15:45:41,689  INFO [main] LoginPageLogger:49 - Enter Username as : standard_user
 2024-05-27 15:45:41,693  INFO [main] LoginPageLogger:53 - Enter Password
 2024-05-27 15:45:41,863  INFO [main] LoginPageLogger:55 - Enter Password As : secret_sauce
 2024-05-27 15:45:41,867  INFO [main] LoginPageLogger:74 - Clicking on login button
 2024-05-27 15:45:42,026  INFO [main] LoginPageLogger:76 - Clicked on login button
 2024-05-27 15:45:42,041  INFO [main] LoginPageLogger:48 - Click on product sort drop down menu
 2024-05-27 15:49:56,142  INFO [main] LoginPageLogger:47 - Enter user name
 2024-05-27 15:49:56,513  INFO [main] LoginPageLogger:49 - Enter Username as : standard_user
 2024-05-27 15:49:56,527  INFO [main] LoginPageLogger:53 - Enter Password
 2024-05-27 15:49:56,736  INFO [main] LoginPageLogger:55 - Enter Password As : secret_sauce
 2024-05-27 15:49:56,745  INFO [main] LoginPageLogger:74 - Clicking on login button
 2024-05-27 15:49:56,970  INFO [main] LoginPageLogger:76 - Clicked on login button
 2024-05-27 15:49:56,991  INFO [main] LoginPageLogger:48 - Click on product sort drop down menu
 2024-05-27 15:54:55,075  INFO [main] LoginPageLogger:47 - Enter user name
 2024-05-27 15:54:55,426  INFO [main] LoginPageLogger:49 - Enter Username as : standard_user
 2024-05-27 15:54:55,434  INFO [main] LoginPageLogger:53 - Enter Password
 2024-05-27 15:54:55,723  INFO [main] LoginPageLogger:55 - Enter Password As : secret_sauce
 2024-05-27 15:54:55,731  INFO [main] LoginPageLogger:74 - Clicking on login button
 2024-05-27 15:54:55,976  INFO [main] LoginPageLogger:76 - Clicked on login button
 2024-05-27 15:54:55,997  INFO [main] LoginPageLogger:48 - Click on product sort drop down menu
 2024-05-27 15:55:00,160  INFO [main] LoginPageLogger:47 - Enter user name
 2024-05-27 15:55:00,531  INFO [main] LoginPageLogger:49 - Enter Username as : standard_user
 2024-05-27 15:55:00,539  INFO [main] LoginPageLogger:53 - Enter Password
 2024-05-27 15:55:00,845  INFO [main] LoginPageLogger:55 - Enter Password As : secret_sauce
 2024-05-27 15:55:00,850  INFO [main] LoginPageLogger:74 - Clicking on login button
 2024-05-27 15:55:01,076  INFO [main] LoginPageLogger:76 - Clicked on login button
 2024-05-27 15:55:39,581  INFO [main] LoginPageLogger:47 - Enter user name
 2024-05-27 15:55:40,380  INFO [main] LoginPageLogger:49 - Enter Username as : standard_user
 2024-05-27 15:55:40,391  INFO [main] LoginPageLogger:53 - Enter Password
 2024-05-27 15:55:40,630  INFO [main] LoginPageLogger:55 - Enter Password As : secret_sauce
 2024-05-27 15:55:40,637  INFO [main] LoginPageLogger:74 - Clicking on login button
 2024-05-27 15:55:40,858  INFO [main] LoginPageLogger:76 - Clicked on login button
 2024-05-27 15:55:40,876  INFO [main] LoginPageLogger:48 - Click on product sort drop down menu
 2024-05-27 16:06:22,494  INFO [main] LoginPageLogger:47 - Enter user name
 2024-05-27 16:06:22,856  INFO [main] LoginPageLogger:49 - Enter Username as : standard_user
 2024-05-27 16:06:22,865  INFO [main] LoginPageLogger:53 - Enter Password
 2024-05-27 16:06:23,147  INFO [main] LoginPageLogger:55 - Enter Password As : secret_sauce
 2024-05-27 16:06:23,155  INFO [main] LoginPageLogger:74 - Clicking on login button
 2024-05-27 16:06:23,372  INFO [main] LoginPageLogger:76 - Clicked on login button
 2024-05-27 16:06:23,397  INFO [main] LoginPageLogger:48 - Click on product sort drop down menu
 2024-05-28 12:00:05,070  INFO [main] LoginPageLogger:47 - Enter user name
 2024-05-28 12:00:05,626  INFO [main] LoginPageLogger:49 - Enter Username as : standard_user
 2024-05-28 12:00:05,638  INFO [main] LoginPageLogger:53 - Enter Password
 2024-05-28 12:00:05,916  INFO [main] LoginPageLogger:55 - Enter Password As : secret_sauce
 2024-05-28 12:00:05,930  INFO [main] LoginPageLogger:74 - Clicking on login button
 2024-05-28 12:00:06,224  INFO [main] LoginPageLogger:76 - Clicked on login button
 2024-05-28 12:00:06,256  INFO [main] LoginPageLogger:47 - Click on product sort drop down menu
 2024-05-28 12:00:06,700  INFO [main] LoginPageLogger:55 - select option from the drop Down
 2024-05-28 12:00:06,937  INFO [main] LoginPageLogger:55 - select option from the drop Down
 2024-05-28 12:00:07,051  INFO [main] LoginPageLogger:68 - get all product names
 2024-05-28 12:00:11,090  INFO [main] LoginPageLogger:47 - Enter user name
 2024-05-28 12:00:11,466  INFO [main] LoginPageLogger:49 - Enter Username as : standard_user
 2024-05-28 12:00:11,471  INFO [main] LoginPageLogger:53 - Enter Password
 2024-05-28 12:00:11,786  INFO [main] LoginPageLogger:55 - Enter Password As : secret_sauce
 2024-05-28 12:00:11,793  INFO [main] LoginPageLogger:74 - Clicking on login button
 2024-05-28 12:00:12,082  INFO [main] LoginPageLogger:76 - Clicked on login button
 2024-05-28 12:04:16,121  INFO [main] LoginPageLogger:47 - Enter user name
 2024-05-28 12:04:17,101  INFO [main] LoginPageLogger:49 - Enter Username as : standard_user
 2024-05-28 12:04:17,110  INFO [main] LoginPageLogger:53 - Enter Password
 2024-05-28 12:04:17,354  INFO [main] LoginPageLogger:55 - Enter Password As : secret_sauce
 2024-05-28 12:04:17,363  INFO [main] LoginPageLogger:74 - Clicking on login button
 2024-05-28 12:04:17,618  INFO [main] LoginPageLogger:76 - Clicked on login button
 2024-05-28 12:04:17,652  INFO [main] LoginPageLogger:47 - Click on product sort drop down menu
 2024-05-28 12:04:18,095  INFO [main] LoginPageLogger:55 - select option from the drop Down
 2024-05-28 12:04:18,358  INFO [main] LoginPageLogger:55 - select option from the drop Down
 2024-05-28 12:04:18,473  INFO [main] LoginPageLogger:68 - get all product names
 2024-05-28 12:07:49,546  INFO [main] LoginPageLogger:47 - Enter user name
 2024-05-28 12:07:49,858  INFO [main] LoginPageLogger:49 - Enter Username as : standard_user
 2024-05-28 12:07:49,867  INFO [main] LoginPageLogger:53 - Enter Password
 2024-05-28 12:07:50,109  INFO [main] LoginPageLogger:55 - Enter Password As : secret_sauce
 2024-05-28 12:07:50,115  INFO [main] LoginPageLogger:74 - Clicking on login button
 2024-05-28 12:07:50,316  INFO [main] LoginPageLogger:76 - Clicked on login button
 2024-05-28 12:07:50,352  INFO [main] LoginPageLogger:47 - Click on product sort drop down menu
 2024-05-28 12:07:50,778  INFO [main] LoginPageLogger:55 - select option from the drop Down
 2024-05-28 12:07:51,008  INFO [main] LoginPageLogger:55 - select option from the drop Down
 2024-05-28 12:07:51,115  INFO [main] LoginPageLogger:68 - get all product names
 2024-05-28 12:34:46,737  INFO [main] LoginPageLogger:47 - Enter user name
 2024-05-28 12:34:47,024  INFO [main] LoginPageLogger:49 - Enter Username as : standard_user
 2024-05-28 12:34:47,035  INFO [main] LoginPageLogger:53 - Enter Password
 2024-05-28 12:34:47,288  INFO [main] LoginPageLogger:55 - Enter Password As : secret_sauce
 2024-05-28 12:34:47,294  INFO [main] LoginPageLogger:74 - Clicking on login button
 2024-05-28 12:34:47,499  INFO [main] LoginPageLogger:76 - Clicked on login button
 2024-05-28 12:34:47,535  INFO [main] LoginPageLogger:47 - Click on product sort drop down menu
 2024-05-28 12:34:47,994  INFO [main] LoginPageLogger:55 - select option from the drop Down
 2024-05-28 12:34:48,205  INFO [main] LoginPageLogger:55 - select option from the drop Down
 2024-05-28 12:34:48,303  INFO [main] LoginPageLogger:68 - get all product names
 2024-05-28 13:00:07,789  INFO [main] LoginPageLogger:47 - Enter user name
 2024-05-28 13:00:08,651  INFO [main] LoginPageLogger:49 - Enter Username as : standard_user
 2024-05-28 13:00:08,658  INFO [main] LoginPageLogger:53 - Enter Password
 2024-05-28 13:00:08,872  INFO [main] LoginPageLogger:55 - Enter Password As : secret_sauce
 2024-05-28 13:00:08,879  INFO [main] LoginPageLogger:74 - Clicking on login button
 2024-05-28 13:00:09,095  INFO [main] LoginPageLogger:76 - Clicked on login button
 2024-05-28 13:00:09,131  INFO [main] LoginPageLogger:47 - Click on product sort drop down menu
 2024-05-28 13:00:09,641  INFO [main] LoginPageLogger:55 - select option from the drop Down
 2024-05-28 13:00:09,908  INFO [main] LoginPageLogger:55 - select option from the drop Down
 2024-05-28 13:00:10,014  INFO [main] LoginPageLogger:68 - get all product names
 2024-05-28 13:05:47,186  INFO [main] LoginPageLogger:47 - Enter user name
 2024-05-28 13:05:47,495  INFO [main] LoginPageLogger:49 - Enter Username as : standard_user
 2024-05-28 13:05:47,508  INFO [main] LoginPageLogger:53 - Enter Password
 2024-05-28 13:05:47,783  INFO [main] LoginPageLogger:55 - Enter Password As : secret_sauce
 2024-05-28 13:05:47,790  INFO [main] LoginPageLogger:74 - Clicking on login button
 2024-05-28 13:05:48,005  INFO [main] LoginPageLogger:76 - Clicked on login button
 2024-05-28 13:05:48,048  INFO [main] LoginPageLogger:47 - Click on product sort drop down menu
 2024-05-28 13:05:48,467  INFO [main] LoginPageLogger:55 - select option from the drop Down
 2024-05-28 13:05:48,619  INFO [main] LoginPageLogger:68 - get all product names
 2024-05-28 16:34:27,641  INFO [main] LoginPageLogger:47 - Enter user name
 2024-05-28 16:34:27,932  INFO [main] LoginPageLogger:49 - Enter Username as : standard_user
 2024-05-28 16:34:27,940  INFO [main] LoginPageLogger:53 - Enter Password
 2024-05-28 16:34:28,169  INFO [main] LoginPageLogger:55 - Enter Password As : secret_sauce
 2024-05-28 16:34:28,176  INFO [main] LoginPageLogger:74 - Clicking on login button
 2024-05-28 16:34:28,432  INFO [main] LoginPageLogger:76 - Clicked on login button
 2024-05-28 16:35:22,802  INFO [main] LoginPageLogger:47 - Enter user name
 2024-05-28 16:35:23,337  INFO [main] LoginPageLogger:49 - Enter Username as : standard_user
 2024-05-28 16:35:23,346  INFO [main] LoginPageLogger:53 - Enter Password
 2024-05-28 16:35:23,593  INFO [main] LoginPageLogger:55 - Enter Password As : secret_sauce
 2024-05-28 16:35:23,600  INFO [main] LoginPageLogger:74 - Clicking on login button
 2024-05-28 16:35:23,910  INFO [main] LoginPageLogger:76 - Clicked on login button
 2024-05-28 16:35:23,941  INFO [main] LoginPageLogger:47 - Click on product sort drop down menu
 2024-05-28 16:35:24,799  INFO [main] LoginPageLogger:55 - select option from the drop Down
 2024-05-28 16:35:25,107  INFO [main] LoginPageLogger:68 - get all product names
 2024-05-28 16:36:30,632  INFO [main] LoginPageLogger:47 - Enter user name
 2024-05-28 16:36:30,930  INFO [main] LoginPageLogger:49 - Enter Username as : standard_user
 2024-05-28 16:36:30,941  INFO [main] LoginPageLogger:53 - Enter Password
 2024-05-28 16:36:31,156  INFO [main] LoginPageLogger:55 - Enter Password As : secret_sauce
 2024-05-28 16:36:31,163  INFO [main] LoginPageLogger:74 - Clicking on login button
 2024-05-28 16:36:31,407  INFO [main] LoginPageLogger:76 - Clicked on login button
 2024-05-28 16:38:09,412  INFO [main] LoginPageLogger:47 - Enter user name
 2024-05-28 16:38:10,286  INFO [main] LoginPageLogger:49 - Enter Username as : standard_user
 2024-05-28 16:38:10,293  INFO [main] LoginPageLogger:53 - Enter Password
 2024-05-28 16:38:10,526  INFO [main] LoginPageLogger:55 - Enter Password As : secret_sauce
 2024-05-28 16:38:10,534  INFO [main] LoginPageLogger:74 - Clicking on login button
 2024-05-28 16:38:10,794  INFO [main] LoginPageLogger:76 - Clicked on login button
 2024-05-28 16:38:10,827  INFO [main] LoginPageLogger:47 - Click on product sort drop down menu
 2024-05-28 16:38:11,309  INFO [main] LoginPageLogger:55 - select option from the drop Down
 2024-05-28 16:38:11,525  INFO [main] LoginPageLogger:55 - select option from the drop Down
 2024-05-28 16:38:11,628  INFO [main] LoginPageLogger:68 - get all product names
 2024-05-28 16:49:21,396  INFO [main] LoginPageLogger:47 - Enter user name
 2024-05-28 16:49:21,677  INFO [main] LoginPageLogger:49 - Enter Username as : standard_user
 2024-05-28 16:49:21,686  INFO [main] LoginPageLogger:53 - Enter Password
 2024-05-28 16:49:21,935  INFO [main] LoginPageLogger:55 - Enter Password As : secret_sauce
 2024-05-28 16:49:21,946  INFO [main] LoginPageLogger:74 - Clicking on login button
 2024-05-28 16:49:22,211  INFO [main] LoginPageLogger:76 - Clicked on login button
 2024-05-28 16:49:22,247  INFO [main] LoginPageLogger:47 - Click on product sort drop down menu
 2024-05-28 16:49:22,652  INFO [main] LoginPageLogger:55 - select option from the drop Down
 2024-05-28 16:49:22,876  INFO [main] LoginPageLogger:55 - select option from the drop Down
 2024-05-28 16:49:22,968  INFO [main] LoginPageLogger:68 - get all product names
 2024-05-28 16:49:26,790  INFO [main] LoginPageLogger:47 - Enter user name
 2024-05-28 16:49:27,142  INFO [main] LoginPageLogger:49 - Enter Username as : standard_user
 2024-05-28 16:49:27,147  INFO [main] LoginPageLogger:53 - Enter Password
 2024-05-28 16:49:27,408  INFO [main] LoginPageLogger:55 - Enter Password As : secret_sauce
 2024-05-28 16:49:27,413  INFO [main] LoginPageLogger:74 - Clicking on login button
 2024-05-28 16:49:27,654  INFO [main] LoginPageLogger:76 - Clicked on login button
 2024-05-28 16:50:54,969  INFO [main] LoginPageLogger:47 - Enter user name
 2024-05-28 16:50:55,278  INFO [main] LoginPageLogger:49 - Enter Username as : standard_user
 2024-05-28 16:50:55,286  INFO [main] LoginPageLogger:53 - Enter Password
 2024-05-28 16:50:55,481  INFO [main] LoginPageLogger:55 - Enter Password As : secret_sauce
 2024-05-28 16:50:55,488  INFO [main] LoginPageLogger:74 - Clicking on login button
 2024-05-28 16:50:55,739  INFO [main] LoginPageLogger:76 - Clicked on login button
 2024-05-28 16:50:55,777  INFO [main] LoginPageLogger:47 - Click on product sort drop down menu
 2024-05-28 16:50:56,202  INFO [main] LoginPageLogger:55 - select option from the drop Down
 2024-05-28 16:50:56,419  INFO [main] LoginPageLogger:55 - select option from the drop Down
 2024-05-28 16:50:56,517  INFO [main] LoginPageLogger:68 - get all product names
 2024-05-28 17:22:25,836  INFO [main] LoginPageLogger:47 - Enter user name
 2024-05-28 17:22:26,049  INFO [main] LoginPageLogger:49 - Enter Username as : standard_user
 2024-05-28 17:22:26,054  INFO [main] LoginPageLogger:53 - Enter Password
 2024-05-28 17:22:26,188  INFO [main] LoginPageLogger:55 - Enter Password As : secret_sauce
 2024-05-28 17:22:26,197  INFO [main] LoginPageLogger:74 - Clicking on login button
 2024-05-28 17:22:26,380  INFO [main] LoginPageLogger:76 - Clicked on login button
 2024-05-28 17:22:26,403  INFO [main] LoginPageLogger:50 - Click on product sort drop down menu
 2024-05-28 17:22:26,582  INFO [main] LoginPageLogger:84 - get all products prize
 2024-05-28 17:22:26,799  INFO [main] LoginPageLogger:58 - select option from the drop Down
 2024-05-28 17:22:28,950  INFO [main] LoginPageLogger:47 - Enter user name
 2024-05-28 17:22:29,198  INFO [main] LoginPageLogger:49 - Enter Username as : standard_user
 2024-05-28 17:22:29,201  INFO [main] LoginPageLogger:53 - Enter Password
 2024-05-28 17:22:29,388  INFO [main] LoginPageLogger:55 - Enter Password As : secret_sauce
 2024-05-28 17:22:29,392  INFO [main] LoginPageLogger:74 - Clicking on login button
 2024-05-28 17:22:29,560  INFO [main] LoginPageLogger:76 - Clicked on login button
 2024-05-28 17:23:41,811  INFO [main] LoginPageLogger:47 - Enter user name
 2024-05-28 17:23:41,979  INFO [main] LoginPageLogger:49 - Enter Username as : standard_user
 2024-05-28 17:23:41,984  INFO [main] LoginPageLogger:53 - Enter Password
 2024-05-28 17:23:42,139  INFO [main] LoginPageLogger:55 - Enter Password As : secret_sauce
 2024-05-28 17:23:42,143  INFO [main] LoginPageLogger:74 - Clicking on login button
 2024-05-28 17:23:42,283  INFO [main] LoginPageLogger:76 - Clicked on login button
 2024-05-28 17:23:42,304  INFO [main] LoginPageLogger:50 - Click on product sort drop down menu
 2024-05-28 17:23:42,560  INFO [main] LoginPageLogger:58 - select option from the drop Down
 2024-05-28 17:23:42,671  INFO [main] LoginPageLogger:84 - get all products prize
 2024-05-28 17:23:44,890  INFO [main] LoginPageLogger:47 - Enter user name
 2024-05-28 17:23:45,114  INFO [main] LoginPageLogger:49 - Enter Username as : standard_user
 2024-05-28 17:23:45,118  INFO [main] LoginPageLogger:53 - Enter Password
 2024-05-28 17:23:45,306  INFO [main] LoginPageLogger:55 - Enter Password As : secret_sauce
 2024-05-28 17:23:45,309  INFO [main] LoginPageLogger:74 - Clicking on login button
 2024-05-28 17:23:45,461  INFO [main] LoginPageLogger:76 - Clicked on login button
 2024-05-28 18:54:22,472  INFO [main] LoginPageLogger:47 - Enter user name
 2024-05-28 18:54:22,837  INFO [main] LoginPageLogger:49 - Enter Username as : standard_user
 2024-05-28 18:54:22,846  INFO [main] LoginPageLogger:53 - Enter Password
 2024-05-28 18:54:23,099  INFO [main] LoginPageLogger:55 - Enter Password As : secret_sauce
 2024-05-28 18:54:23,109  INFO [main] LoginPageLogger:74 - Clicking on login button
 2024-05-28 18:54:23,339  INFO [main] LoginPageLogger:76 - Clicked on login button
 2024-05-28 18:54:23,368  INFO [main] LoginPageLogger:51 - Click on product sort drop down menu
 2024-05-28 18:54:23,795  INFO [main] LoginPageLogger:59 - select option from the drop Down
 2024-05-28 18:54:27,649  INFO [main] LoginPageLogger:47 - Enter user name
 2024-05-28 18:54:28,055  INFO [main] LoginPageLogger:49 - Enter Username as : standard_user
 2024-05-28 18:54:28,060  INFO [main] LoginPageLogger:53 - Enter Password
 2024-05-28 18:54:28,312  INFO [main] LoginPageLogger:55 - Enter Password As : secret_sauce
 2024-05-28 18:54:28,317  INFO [main] LoginPageLogger:74 - Clicking on login button
 2024-05-28 18:54:28,557  INFO [main] LoginPageLogger:76 - Clicked on login button
 2024-05-28 19:10:35,293  INFO [main] LoginPageLogger:47 - Enter user name
 2024-05-28 19:10:35,567  INFO [main] LoginPageLogger:49 - Enter Username as : standard_user
 2024-05-28 19:10:35,574  INFO [main] LoginPageLogger:53 - Enter Password
 2024-05-28 19:10:35,850  INFO [main] LoginPageLogger:55 - Enter Password As : secret_sauce
 2024-05-28 19:10:35,858  INFO [main] LoginPageLogger:74 - Clicking on login button
 2024-05-28 19:10:36,183  INFO [main] LoginPageLogger:76 - Clicked on login button
 2024-05-28 19:10:36,220  INFO [main] LoginPageLogger:51 - Click on product sort drop down menu
 2024-05-28 19:10:36,742  INFO [main] LoginPageLogger:59 - select option from the drop Down
 2024-05-28 19:10:41,887  INFO [main] LoginPageLogger:47 - Enter user name
 2024-05-28 19:10:42,260  INFO [main] LoginPageLogger:49 - Enter Username as : standard_user
 2024-05-28 19:10:42,267  INFO [main] LoginPageLogger:53 - Enter Password
 2024-05-28 19:10:42,511  INFO [main] LoginPageLogger:55 - Enter Password As : secret_sauce
 2024-05-28 19:10:42,518  INFO [main] LoginPageLogger:74 - Clicking on login button
 2024-05-28 19:10:42,748  INFO [main] LoginPageLogger:76 - Clicked on login button
 2024-05-28 19:22:57,292  INFO [main] LoginPageLogger:47 - Enter user name
 2024-05-28 19:22:57,548  INFO [main] LoginPageLogger:49 - Enter Username as : standard_user
 2024-05-28 19:22:57,557  INFO [main] LoginPageLogger:53 - Enter Password
 2024-05-28 19:22:57,810  INFO [main] LoginPageLogger:55 - Enter Password As : secret_sauce
 2024-05-28 19:22:57,817  INFO [main] LoginPageLogger:74 - Clicking on login button
 2024-05-28 19:22:58,052  INFO [main] LoginPageLogger:76 - Clicked on login button
 2024-05-28 19:22:58,089  INFO [main] LoginPageLogger:51 - Click on product sort drop down menu
 2024-05-28 19:22:58,676  INFO [main] LoginPageLogger:59 - select option from the drop Down
 2024-05-28 19:23:03,681  INFO [main] LoginPageLogger:47 - Enter user name
 2024-05-28 19:23:04,084  INFO [main] LoginPageLogger:49 - Enter Username as : standard_user
 2024-05-28 19:23:04,089  INFO [main] LoginPageLogger:53 - Enter Password
 2024-05-28 19:23:04,338  INFO [main] LoginPageLogger:55 - Enter Password As : secret_sauce
 2024-05-28 19:23:04,345  INFO [main] LoginPageLogger:74 - Clicking on login button
 2024-05-28 19:23:04,675  INFO [main] LoginPageLogger:76 - Clicked on login button
 2024-05-28 19:26:24,018  INFO [main] LoginPageLogger:47 - Enter user name
 2024-05-28 19:26:24,298  INFO [main] LoginPageLogger:49 - Enter Username as : standard_user
 2024-05-28 19:26:24,306  INFO [main] LoginPageLogger:53 - Enter Password
 2024-05-28 19:26:24,603  INFO [main] LoginPageLogger:55 - Enter Password As : secret_sauce
 2024-05-28 19:26:24,611  INFO [main] LoginPageLogger:74 - Clicking on login button
 2024-05-28 19:26:24,841  INFO [main] LoginPageLogger:76 - Clicked on login button
 2024-05-28 19:26:24,911  INFO [main] LoginPageLogger:51 - Click on product sort drop down menu
 2024-05-28 19:26:25,434  INFO [main] LoginPageLogger:59 - select option from the drop Down
 